<?xml version="1.0" encoding="UTF-8"?>
<!-- Generated by org.testng.reporters.JUnitXMLReporter -->
<testsuite ignored="0" hostname="DESKTOP-5EGPBEC" failures="0" tests="4" name="Command line test" time="0.336" errors="0" timestamp="2021-08-26T19:31:26 CST">
  <testcase classname="test.OrderDaoTest" name="changeOrderStatus" time="0.282"/>
  <testcase classname="test.OrderDaoTest" name="queryOrders" time="0.026"/>
  <testcase classname="test.OrderDaoTest" name="queryOrdersByUserId" time="0.0"/>
  <testcase classname="test.OrderDaoTest" name="saveOrder" time="0.003"/>
</testsuite> <!-- Command line test -->
