<?xml version="1.0" encoding="UTF-8"?>
<testng-results ignored="0" total="4" passed="4" failed="0" skipped="0">
  <reporter-output>
  </reporter-output>
  <suite started-at="2021-08-26T19:31:25 CST" name="Command line suite" finished-at="2021-08-26T19:31:26 CST" duration-ms="336">
    <groups>
    </groups>
    <test started-at="2021-08-26T19:31:25 CST" name="Command line test" finished-at="2021-08-26T19:31:26 CST" duration-ms="336">
      <class name="test.OrderDaoTest">
        <test-method signature="changeOrderStatus()[pri:0, instance:test.OrderDaoTest@2f8f5f62]" started-at="2021-08-26T19:31:25 CST" name="changeOrderStatus" finished-at="2021-08-26T19:31:26 CST" duration-ms="282" status="PASS">
          <reporter-output>
          </reporter-output>
        </test-method> <!-- changeOrderStatus -->
        <test-method signature="queryOrders()[pri:0, instance:test.OrderDaoTest@2f8f5f62]" started-at="2021-08-26T19:31:26 CST" name="queryOrders" finished-at="2021-08-26T19:31:26 CST" duration-ms="26" status="PASS">
          <reporter-output>
          </reporter-output>
        </test-method> <!-- queryOrders -->
        <test-method signature="saveOrder()[pri:0, instance:test.OrderDaoTest@2f8f5f62]" started-at="2021-08-26T19:31:26 CST" name="saveOrder" finished-at="2021-08-26T19:31:26 CST" duration-ms="3" status="PASS">
          <reporter-output>
          </reporter-output>
        </test-method> <!-- saveOrder -->
        <test-method signature="queryOrdersByUserId()[pri:0, instance:test.OrderDaoTest@2f8f5f62]" started-at="2021-08-26T19:31:26 CST" name="queryOrdersByUserId" finished-at="2021-08-26T19:31:26 CST" duration-ms="0" status="PASS">
          <reporter-output>
          </reporter-output>
        </test-method> <!-- queryOrdersByUserId -->
      </class> <!-- test.OrderDaoTest -->
    </test> <!-- Command line test -->
  </suite> <!-- Command line suite -->
</testng-results>
